mode: set
github.com/meln5674/ksched/pkg/scheduler/random.go:18.83,22.2 1 0
github.com/meln5674/ksched/pkg/scheduler/random.go:25.83,27.19 1 0
github.com/meln5674/ksched/pkg/scheduler/random.go:32.2,32.32 1 0
github.com/meln5674/ksched/pkg/scheduler/random.go:27.19,29.3 1 0
github.com/meln5674/ksched/pkg/scheduler/random.go:29.8,31.3 1 0
github.com/meln5674/ksched/pkg/scheduler/random.go:32.32,34.3 1 0
github.com/meln5674/ksched/pkg/scheduler/random.go:34.8,36.3 1 0
github.com/meln5674/ksched/pkg/scheduler/random.go:40.55,42.2 0 0
github.com/meln5674/ksched/pkg/scheduler/random.go:45.55,47.2 0 0
github.com/meln5674/ksched/pkg/scheduler/random.go:50.68,51.23 1 0
github.com/meln5674/ksched/pkg/scheduler/random.go:55.2,55.25 1 0
github.com/meln5674/ksched/pkg/scheduler/random.go:60.2,62.30 3 0
github.com/meln5674/ksched/pkg/scheduler/random.go:68.2,68.35 1 0
github.com/meln5674/ksched/pkg/scheduler/random.go:51.23,53.3 1 0
github.com/meln5674/ksched/pkg/scheduler/random.go:55.25,57.3 1 0
github.com/meln5674/ksched/pkg/scheduler/random.go:62.30,63.21 1 0
github.com/meln5674/ksched/pkg/scheduler/random.go:66.3,66.7 1 0
github.com/meln5674/ksched/pkg/scheduler/random.go:63.21,65.4 1 0
github.com/meln5674/ksched/pkg/scheduler/round_robin.go:31.91,39.2 1 1
github.com/meln5674/ksched/pkg/scheduler/round_robin.go:42.87,44.19 1 1
github.com/meln5674/ksched/pkg/scheduler/round_robin.go:50.2,50.19 1 1
github.com/meln5674/ksched/pkg/scheduler/round_robin.go:68.2,68.49 1 1
github.com/meln5674/ksched/pkg/scheduler/round_robin.go:87.2,89.9 2 1
github.com/meln5674/ksched/pkg/scheduler/round_robin.go:93.2,95.23 2 1
github.com/meln5674/ksched/pkg/scheduler/round_robin.go:104.2,107.20 3 1
github.com/meln5674/ksched/pkg/scheduler/round_robin.go:44.19,46.3 1 1
github.com/meln5674/ksched/pkg/scheduler/round_robin.go:46.8,48.3 1 1
github.com/meln5674/ksched/pkg/scheduler/round_robin.go:50.19,52.50 1 1
github.com/meln5674/ksched/pkg/scheduler/round_robin.go:56.3,65.9 8 1
github.com/meln5674/ksched/pkg/scheduler/round_robin.go:52.50,54.4 1 1
github.com/meln5674/ksched/pkg/scheduler/round_robin.go:68.49,71.9 2 1
github.com/meln5674/ksched/pkg/scheduler/round_robin.go:75.3,84.9 6 1
github.com/meln5674/ksched/pkg/scheduler/round_robin.go:71.9,73.4 1 0
github.com/meln5674/ksched/pkg/scheduler/round_robin.go:89.9,91.3 1 1
github.com/meln5674/ksched/pkg/scheduler/round_robin.go:95.23,102.3 6 1
github.com/meln5674/ksched/pkg/scheduler/round_robin.go:107.20,109.3 1 1
github.com/meln5674/ksched/pkg/scheduler/round_robin.go:113.59,115.2 0 0
github.com/meln5674/ksched/pkg/scheduler/round_robin.go:118.59,120.2 0 0
github.com/meln5674/ksched/pkg/scheduler/round_robin.go:123.72,124.19 1 1
github.com/meln5674/ksched/pkg/scheduler/round_robin.go:130.2,130.23 1 1
github.com/meln5674/ksched/pkg/scheduler/round_robin.go:134.2,134.34 1 1
github.com/meln5674/ksched/pkg/scheduler/round_robin.go:124.19,128.3 3 1
github.com/meln5674/ksched/pkg/scheduler/round_robin.go:130.23,132.3 1 1
github.com/meln5674/ksched/pkg/scheduler/scheduler.go:32.45,33.20 1 0
github.com/meln5674/ksched/pkg/scheduler/scheduler.go:33.20,35.3 1 0
github.com/meln5674/ksched/pkg/scheduler/scheduler.go:35.8,37.3 1 0
github.com/meln5674/ksched/pkg/scheduler/scheduler.go:65.58,67.2 1 1
